#
# A fatal error has been detected by the Java Runtime Environment:
#
#  Internal Error (javaClasses.cpp:129), pid=6924, tid=8452
#  fatal error: Invalid layout of preloaded class
#
# JRE version: 7.0_21-b11
# Java VM: Java HotSpot(TM) Client VM (23.21-b01 mixed mode windows-x86 )
# Failed to write core dump. Minidumps are not enabled by default on client versions of Windows
#
# If you would like to submit a bug report, please visit:
#   http://bugreport.sun.com/bugreport/crash.jsp
#

---------------  T H R E A D  ---------------

Current thread (0x020eb400):  JavaThread "Unknown thread" [_thread_in_vm, id=8452, stack(0x00710000,0x00760000)]

Stack: [0x00710000,0x00760000],  sp=0x0075f4a8,  free space=317k
Native frames: (J=compiled Java code, j=interpreted, Vv=VM code, C=native code)
V  [jvm.dll+0x170511]
V  [jvm.dll+0x16a6b6]
V  [jvm.dll+0x2082f]
V  [jvm.dll+0x208b6]
V  [jvm.dll+0x2e5dd]
V  [jvm.dll+0x2e889]
V  [jvm.dll+0x77bd1]
V  [jvm.dll+0x77f8b]
V  [jvm.dll+0x12a1b1]
V  [jvm.dll+0x14ac6a]
V  [jvm.dll+0xa9eef]
C  [javaw.exe+0x13ca]
C  [javaw.exe+0x1e3c]
C  [javaw.exe+0xa5b1]
C  [javaw.exe+0xa63b]
C  [KERNEL32.DLL+0x28543]  BaseThreadInitThunk+0xe
C  [ntdll.dll+0x5ac69]  RtlInitializeExceptionChain+0x85
C  [ntdll.dll+0x5ac3c]  RtlInitializeExceptionChain+0x58


---------------  P R O C E S S  ---------------

Java Threads: ( => current thread )

Other Threads:

=>0x020eb400 (exited) JavaThread "Unknown thread" [_thread_in_vm, id=8452, stack(0x00710000,0x00760000)]

VM state:not at safepoint (not fully initialized)

VM Mutex/Monitor currently owned by a thread: None

GC Heap History (0 events):
No events

Deoptimization events (0 events):
No events

Internal exceptions (0 events):
No events

Events (10 events):
Event: 0.011 loading class 0x00a249a8 done
Event: 0.011 loading class 0x00a05a70 done
Event: 0.011 loading class 0x00a05b38
Event: 0.011 loading class 0x00a27bf0
Event: 0.011 loading class 0x00a27bf0 done
Event: 0.011 loading class 0x00a27c28
Event: 0.011 loading class 0x00a27c28 done
Event: 0.011 loading class 0x00a6f7c8
Event: 0.011 loading class 0x00a6f7c8 done
Event: 0.011 loading class 0x00a05b38 done


Dynamic libraries:
0x00b10000 - 0x00b3f000 	C:\Program Files (x86)\Java\jre7\bin\javaw.exe
0x77c60000 - 0x77db7000 	C:\windows\SYSTEM32\ntdll.dll
0x76d50000 - 0x76e80000 	C:\windows\SYSTEM32\KERNEL32.DLL
0x752c0000 - 0x75366000 	C:\windows\SYSTEM32\KERNELBASE.dll
0x751e0000 - 0x7522c000 	C:\ProgramData\Norton\{0C55C096-0F1D-4F28-AAA2-85EF591126E7}\NIS_20.0.0.136\Definitions\BASHDefs\20130412.001\UMEngx86.dll
0x75390000 - 0x7543e000 	C:\windows\SYSTEM32\ADVAPI32.dll
0x75540000 - 0x75656000 	C:\windows\SYSTEM32\USER32.dll
0x732d0000 - 0x734c7000 	C:\windows\WinSxS\x86_microsoft.windows.common-controls_6595b64144ccf1df_6.0.9200.16384_none_893961408605e985\COMCTL32.dll
0x757a0000 - 0x75851000 	C:\windows\SYSTEM32\msvcrt.dll
0x75a10000 - 0x75a44000 	C:\windows\SYSTEM32\sechost.dll
0x75910000 - 0x759bc000 	C:\windows\SYSTEM32\RPCRT4.dll
0x77a00000 - 0x77afd000 	C:\windows\SYSTEM32\GDI32.dll
0x752a0000 - 0x752bc000 	C:\windows\SYSTEM32\SspiCli.dll
0x75290000 - 0x75299000 	C:\windows\SYSTEM32\CRYPTBASE.dll
0x75230000 - 0x75281000 	C:\windows\SYSTEM32\bcryptPrimitives.dll
0x75370000 - 0x75390000 	C:\windows\system32\IMM32.DLL
0x77920000 - 0x779fd000 	C:\windows\SYSTEM32\MSCTF.dll
0x68df0000 - 0x68eae000 	C:\Program Files (x86)\Java\jre7\bin\msvcr100.dll
0x5e300000 - 0x5e64f000 	C:\Program Files (x86)\Java\jre7\bin\client\jvm.dll
0x66dd0000 - 0x66dd8000 	C:\windows\SYSTEM32\WSOCK32.dll
0x74570000 - 0x74591000 	C:\windows\SYSTEM32\WINMM.dll
0x77880000 - 0x77886000 	C:\windows\SYSTEM32\PSAPI.DLL
0x759c0000 - 0x75a10000 	C:\windows\SYSTEM32\WS2_32.dll
0x73a00000 - 0x73a2a000 	C:\windows\SYSTEM32\WINMMBASE.dll
0x77540000 - 0x77548000 	C:\windows\SYSTEM32\NSI.dll
0x6b830000 - 0x6b83c000 	C:\Program Files (x86)\Java\jre7\bin\verify.dll
0x6a050000 - 0x6a070000 	C:\Program Files (x86)\Java\jre7\bin\java.dll
0x69a00000 - 0x69a13000 	C:\Program Files (x86)\Java\jre7\bin\zip.dll
0x73d10000 - 0x73e39000 	C:\windows\SYSTEM32\dbghelp.dll

VM Arguments:
jvm_args: -Dfile.encoding=Cp1252 -Xbootclasspath:C:\Program2\adt-bundle-windows-x86-20130219\sdk\platforms\android-17\android.jar 
java_command: com.example.firstapp.util.Test
Launcher Type: SUN_STANDARD

Environment Variables:
CLASSPATH=.;C:\Program2\JMF21~1.1E\lib\sound.jar;C:\Program2\JMF21~1.1E\lib\jmf.jar;C:\Program2\JMF21~1.1E\lib;.;C:\Program\JMF21~1.1E\lib\sound.jar;C:\Program\JMF21~1.1E\lib\jmf.jar;C:\Program\JMF21~1.1E\lib;.;.;.;C:\PROGRA~2\JMF21~1.1E\lib\sound.jar;C:\PROGRA~2\JMF21~1.1E\lib\jmf.jar;C:\PROGRA~2\JMF21~1.1E\lib;
PATH=C:/Program Files (x86)/Java/jre7/bin/client;C:/Program Files (x86)/Java/jre7/bin;C:/Program Files (x86)/Java/jre7/lib/i386;C:\Program Files (x86)\Intel\iCLS Client\;C:\Program Files\Intel\iCLS Client\;C:\windows\system32;C:\windows;C:\windows\System32\Wbem;C:\windows\System32\WindowsPowerShell\v1.0\;C:\Program Files\Intel\Intel(R) Management Engine Components\DAL;C:\Program Files\Intel\Intel(R) Management Engine Components\IPT;C:\Program Files (x86)\Intel\Intel(R) Management Engine Components\DAL;C:\Program Files (x86)\Intel\Intel(R) Management Engine Components\IPT;C:\Program Files\Intel\WiFi\bin\;C:\Program Files\Common Files\Intel\WirelessCommon\;C:\Program Files\ThinkPad\Bluetooth Software\;C:\Program Files\ThinkPad\Bluetooth Software\syswow64;;C:\Program Files (x86)\Intel\OpenCL SDK\2.0\bin\x86;C:\Program Files (x86)\Intel\OpenCL SDK\2.0\bin\x64;C:\ProgramData\Lenovo\ReadyApps;c:\Program Files (x86)\Microsoft SQL Server\100\Tools\Binn\;c:\Program Files\Microsoft SQL Server\100\Tools\Binn\;c:\Program Files\Microsoft SQL Server\100\DTS\Binn\;C:\Program Files (x86)\SSH Communications Security\SSH Secure Shell;C:\Vandy\Tools\eclipse;
USERNAME=Li
OS=Windows_NT
PROCESSOR_IDENTIFIER=Intel64 Family 6 Model 58 Stepping 9, GenuineIntel



---------------  S Y S T E M  ---------------

OS: Windows 8 , 64 bit Build 9200 

CPU:total 4 (2 cores per cpu, 2 threads per core) family 6 model 58 stepping 9, cmov, cx8, fxsr, mmx, sse, sse2, sse3, ssse3, sse4.1, sse4.2, popcnt, avx, ht, tsc, tscinvbit, tscinv

Memory: 4k page, physical 4007840k(1103188k free), swap 6760352k(2306836k free)

vm_info: Java HotSpot(TM) Client VM (23.21-b01) for windows-x86 JRE (1.7.0_21-b11), built on Apr  4 2013 04:43:10 by "java_re" with unknown MS VC++:1600

time: Tue Apr 30 12:13:52 2013
elapsed time: 0 seconds

